Wearable/build/intermediates/manifest_merge_blame_file/debug/manifest-merger-blame-debug-report.txt
1<?xml version="1.0" encoding="utf-8"?>
2<manifest xmlns:android="http://schemas.android.com/apk/res/android"
3    package="com.example.bakalarka"
4    android:versionCode="1"
5    android:versionName="1.0" >
6
7    <uses-sdk
8        android:minSdkVersion="23"
8-->src\main\AndroidManifest.xml
9        android:targetSdkVersion="29" />
9-->src\main\AndroidManifest.xml
10
11    <uses-permission android:name="android.permission.ACCESS_COARSE_LOCATION" />
11-->src\main\AndroidManifest.xml:5:5-81
11-->src\main\AndroidManifest.xml:5:22-78
12    <uses-permission android:name="android.permission.WAKE_LOCK" />
12-->src\main\AndroidManifest.xml:6:5-68
12-->src\main\AndroidManifest.xml:6:22-65
13    <uses-permission android:name="android.permission.FOREGROUND_SERVICE" />
13-->src\main\AndroidManifest.xml:7:5-76
13-->src\main\AndroidManifest.xml:7:22-74
14
15    <uses-feature android:name="android.hardware.type.watch" />
15-->src\main\AndroidManifest.xml:9:5-64
15-->src\main\AndroidManifest.xml:9:19-61
16
17    <uses-permission android:name="android.permission.BODY_SENSORS" />
17-->src\main\AndroidManifest.xml:11:5-71
17-->src\main\AndroidManifest.xml:11:22-68
18    <uses-permission android:name="android.permission.INTERNET" />
18-->src\main\AndroidManifest.xml:12:5-67
18-->src\main\AndroidManifest.xml:12:22-64
19    <uses-permission android:name="android.permission.ACCESS_NETWORK_STATE" />
19-->src\main\AndroidManifest.xml:13:5-79
19-->src\main\AndroidManifest.xml:13:22-76
20    <uses-permission android:name="android.permission.ACCESS_WIFI_STATE" />
20-->src\main\AndroidManifest.xml:14:5-76
20-->src\main\AndroidManifest.xml:14:22-73
21    <uses-permission android:name="android.permission.READ_PHONE_STATE" />
21-->src\main\AndroidManifest.xml:15:5-75
21-->src\main\AndroidManifest.xml:15:22-72
22    <uses-permission android:name="android.permission.VIBRATE" />
22-->src\main\AndroidManifest.xml:16:5-66
22-->src\main\AndroidManifest.xml:16:22-63
23
24    <application
24-->src\main\AndroidManifest.xml:18:5-70:19
25        android:allowBackup="true"
25-->src\main\AndroidManifest.xml:19:9-35
26        android:appComponentFactory="androidx.core.app.CoreComponentFactory"
26-->[androidx.core:core:1.3.2] AndroidManifest.xml:24:18-86
27        android:debuggable="true"
28        android:extractNativeLibs="false"
29        android:icon="@drawable/ic_smartwatch_icon"
29-->src\main\AndroidManifest.xml:20:9-52
30        android:label="@string/app_name"
30-->src\main\AndroidManifest.xml:21:9-41
31        android:theme="@android:style/Theme.DeviceDefault" >
31-->src\main\AndroidManifest.xml:22:9-59
32        <uses-library
32-->src\main\AndroidManifest.xml:24:9-26:39
33            android:name="com.google.android.wearable"
33-->src\main\AndroidManifest.xml:25:13-55
34            android:required="true" />
34-->src\main\AndroidManifest.xml:26:13-36
35        <!--
36               Set to true if your app is Standalone, that is, it does not require the handheld
37               app to run.
38        -->
39        <meta-data
39-->src\main\AndroidManifest.xml:31:9-33:36
40            android:name="com.google.android.wearable.standalone"
40-->src\main\AndroidManifest.xml:32:13-66
41            android:value="true" />
41-->src\main\AndroidManifest.xml:33:13-33
42
43        <activity
43-->src\main\AndroidManifest.xml:35:9-43:20
44            android:name="com.example.bakalarka.activities.SensorActivity"
44-->src\main\AndroidManifest.xml:36:13-54
45            android:label="@string/title_activity_sensor" >
45-->src\main\AndroidManifest.xml:37:13-58
46            <intent-filter>
46-->src\main\AndroidManifest.xml:38:13-42:29
47                <action android:name="android.intent.action.MAIN" />
47-->src\main\AndroidManifest.xml:39:17-69
47-->src\main\AndroidManifest.xml:39:25-66
48
49                <category android:name="android.intent.category.LAUNCHER" />
49-->src\main\AndroidManifest.xml:41:17-77
49-->src\main\AndroidManifest.xml:41:27-74
50            </intent-filter>
51        </activity>
52        <activity
52-->src\main\AndroidManifest.xml:44:9-47:20
53            android:name="com.example.bakalarka.activities.SecondActivity"
53-->src\main\AndroidManifest.xml:45:13-54
54            android:theme="@style/Theme.AppCompat.NoActionBar" >
54-->src\main\AndroidManifest.xml:46:13-63
55        </activity>
56        <activity android:name="com.example.bakalarka.activities.Fullscreen" />
56-->src\main\AndroidManifest.xml:48:9-58
56-->src\main\AndroidManifest.xml:48:19-56
57
58        <meta-data
58-->src\main\AndroidManifest.xml:50:9-52:69
59            android:name="com.google.android.gms.version"
59-->src\main\AndroidManifest.xml:51:13-58
60            android:value="@integer/google_play_services_version" />
60-->src\main\AndroidManifest.xml:52:13-66
61
62        <activity
62-->src\main\AndroidManifest.xml:54:9-68:20
63            android:name="com.example.bakalarka.activities.WearMainActivity"
63-->src\main\AndroidManifest.xml:55:13-56
64            android:label="@string/app_name" >
64-->src\main\AndroidManifest.xml:56:13-45
65            <intent-filter>
65-->src\main\AndroidManifest.xml:38:13-42:29
66                <action android:name="android.intent.action.MAIN" />
66-->src\main\AndroidManifest.xml:39:17-69
66-->src\main\AndroidManifest.xml:39:25-66
67
68                <category android:name="android.intent.category.LAUNCHER" />
68-->src\main\AndroidManifest.xml:41:17-77
68-->src\main\AndroidManifest.xml:41:27-74
69            </intent-filter>
70            <intent-filter>
70-->src\main\AndroidManifest.xml:62:13-66:29
71                <action android:name="com.example.android.wearable.datalayer.EXAMPLE" />
71-->src\main\AndroidManifest.xml:63:17-89
71-->src\main\AndroidManifest.xml:63:25-86
72
73                <category android:name="android.intent.category.DEFAULT" />
73-->src\main\AndroidManifest.xml:65:17-76
73-->src\main\AndroidManifest.xml:65:27-73
74            </intent-filter>
75        </activity>
76
77        <service
77-->src\main\AndroidManifest.xml:69:9-92
78            android:name="com.example.bakalarka.service.SensorBackgroundService"
78-->src\main\AndroidManifest.xml:69:18-65
79            android:exported="false" />
79-->src\main\AndroidManifest.xml:69:66-90
80        <service
80-->[com.google.firebase:firebase-database:19.7.0] AndroidManifest.xml:29:9-35:19
81            android:name="com.google.firebase.components.ComponentDiscoveryService"
81-->[com.google.firebase:firebase-database:19.7.0] AndroidManifest.xml:30:13-84
82            android:directBootAware="true"
82-->[com.google.firebase:firebase-common:19.5.0] AndroidManifest.xml:35:13-43
83            android:exported="false" >
83-->[com.google.firebase:firebase-database:19.7.0] AndroidManifest.xml:31:13-37
84            <meta-data
84-->[com.google.firebase:firebase-database:19.7.0] AndroidManifest.xml:32:13-34:85
85                android:name="com.google.firebase.components:com.google.firebase.database.DatabaseRegistrar"
85-->[com.google.firebase:firebase-database:19.7.0] AndroidManifest.xml:33:17-109
86                android:value="com.google.firebase.components.ComponentRegistrar" />
86-->[com.google.firebase:firebase-database:19.7.0] AndroidManifest.xml:34:17-82
87            <!--
88                This registrar is not defined in the dynamic-module-support sdk itself to allow non-firebase
89                clients to use it as well, by defining this registrar in their own core/common library.
90            -->
91            <meta-data
91-->[com.google.firebase:firebase-common:19.5.0] AndroidManifest.xml:43:13-45:85
92                android:name="com.google.firebase.components:com.google.firebase.dynamicloading.DynamicLoadingRegistrar"
92-->[com.google.firebase:firebase-common:19.5.0] AndroidManifest.xml:44:17-121
93                android:value="com.google.firebase.components.ComponentRegistrar" />
93-->[com.google.firebase:firebase-common:19.5.0] AndroidManifest.xml:45:17-82
94        </service>
95
96        <activity
96-->[com.google.android.gms:play-services-base:17.0.0] AndroidManifest.xml:23:9-26:75
97            android:name="com.google.android.gms.common.api.GoogleApiActivity"
97-->[com.google.android.gms:play-services-base:17.0.0] AndroidManifest.xml:24:13-79
98            android:exported="false"
98-->[com.google.android.gms:play-services-base:17.0.0] AndroidManifest.xml:25:13-37
99            android:theme="@android:style/Theme.Translucent.NoTitleBar" />
99-->[com.google.android.gms:play-services-base:17.0.0] AndroidManifest.xml:26:13-72
100
101        <provider
101-->[com.google.firebase:firebase-common:19.5.0] AndroidManifest.xml:26:9-31:39
102            android:name="com.google.firebase.provider.FirebaseInitProvider"
102-->[com.google.firebase:firebase-common:19.5.0] AndroidManifest.xml:27:13-77
103            android:authorities="com.example.bakalarka.firebaseinitprovider"
103-->[com.google.firebase:firebase-common:19.5.0] AndroidManifest.xml:28:13-72
104            android:directBootAware="true"
104-->[com.google.firebase:firebase-common:19.5.0] AndroidManifest.xml:29:13-43
105            android:exported="false"
105-->[com.google.firebase:firebase-common:19.5.0] AndroidManifest.xml:30:13-37
106            android:initOrder="100" />
106-->[com.google.firebase:firebase-common:19.5.0] AndroidManifest.xml:31:13-36
107    </application>
108
109</manifest>